<html xmlns:math="http://exslt.org/math" xmlns:testng="http://testng.org">
   <head>
      <title>TestNG Results</title>
      <meta http-equiv="content-type" content="text/html; charset=utf-8"></meta>
      <meta http-equiv="pragma" content="no-cache"></meta>
      <meta http-equiv="cache-control" content="max-age=0"></meta>
      <meta http-equiv="cache-control" content="no-cache"></meta>
      <meta http-equiv="cache-control" content="no-store"></meta>
      <LINK rel="stylesheet" href="style.css"></LINK>
      <script type="text/javascript" src="main.js"></script>
   </head>
   <body>
      <table width="100%" style="font-size: 16px; margin-bottom: 10px;" cellspacing="1">
         <tr>
            <td width="100%">
               								All methods in suite
               								
               <b>POC_Automation_TestSuite</b>
            </td>
            <td style="background-color: #FFBBBB; padding: 3px 3px 3px 0;" align="center">
               <div style="width: 50px;">1</div>
            </td>
            <td style="background-color: lightgreen; padding: 3px 3px 3px 0;" align="center">
               <div style="width: 50px;">0</div>
            </td>
            <td style="background-color: #FFFFBB; padding: 3px 3px 3px 0;" align="center">
               <div style="width: 50px;">0</div>
            </td>
            <td align="center" style="background-color: #eaf0f7; padding: 3px 3px 3px 0;">
               <div style="width: 50px;">1</div>
            </td>
            <td align="center"
                style="font-weight: bold; background-color: #eaf0f7; padding: 3px 3px 3px 0;">
               <div style="width: 50px;">0%</div>
            </td>
            <td style="background-color: #eaf0f7; padding: 3px 3px 3px 0;" align="center"
                nowrap="true">13
               				m
               			32
               				s
               			
            </td>
         </tr>
      </table>
      <div style="width: 200px;">
         <label for="groupMethodsCheckBox" style="font-weight: bold; margin: 0;">
            <input id="groupMethodsCheckBox" type="checkbox" onclick="switchTestMethodsView(this)"
                   checked=""></input>
            				Group by class
            			
         </label>
         <br></br>
         <label for="methodsFilter_ALL" style="font-weight: bold; margin: 0;">
            <input id="methodsFilter_ALL" type="checkbox"
                   onclick="testMethodsFilterChanged(this, 'ALL')"
                   checked=""></input>
            				All
            			
         </label>
      </div>
      <label for="methodsFilter_FAIL" style="margin-left: 20px;">
         <input id="methodsFilter_FAIL" type="checkbox"
                onclick="testMethodsFilterChanged(this, 'FAIL')"
                checked=""></input>
         			Failed
         		
      </label>
      <label for="methodsFilter_PASS">
         <input id="methodsFilter_PASS" type="checkbox"
                onclick="testMethodsFilterChanged(this, 'PASS')"
                checked=""></input>
         			Passed
         		
      </label>
      <label for="methodsFilter_SKIP">
         <input id="methodsFilter_SKIP" type="checkbox"
                onclick="testMethodsFilterChanged(this, 'SKIP')"
                checked=""></input>
         			Skipped
         		
      </label>
      <label for="methodsFilter_CONF">
         <input id="methodsFilter_CONF" type="checkbox"
                onclick="testMethodsFilterChanged(this, 'CONF')"
                checked=""></input>
         			Config
         		
      </label>
      <br></br>
      <div id="testMethodsByStatus" style="display: none;">
         <table class="testMethodsTable" cellpadding="0" cellspacing="0">
            <tr class="methodsTableHeader">
               <td width="100%">Name</td>
               <td nowrap="true">Started</td>
               <td nowrap="true">Duration</td>
               <td>Exception</td>
            </tr>
            <tr id="mwo.tests.SyncTests_syncInterruption_byStatus_failed_FAIL1_row"
                class="testMethodStatusFAIL">
               <td width="100%" class="firstMethodCell">
                  <a onclick="toggleDetailsVisibility('mwo.tests.SyncTests_syncInterruption_byStatus_failed_FAIL1_details')">syncInterruption()</a>
               </td>
               <td nowrap="true">17:14:46</td>
               <td nowrap="true" align="right">13
                  				m
                  			3
                  				s
                  			
               </td>
               <td nowrap="true">
                  <a onclick="toggleDetailsVisibility('mwo.tests.SyncTests_syncInterruption_byStatus_failed_FAIL1_exception')">org.openqa.selenium.NoSuchElementException: 
                     Can't locate an element by this strategy: Locator map: 
                     - native content: "By.xpath: //android.widget.TextView[@resource-id='com.ifsworld.mworkorderapps9:id/sync__datatype' and contains(@text,
                     'Sync Ended')]" 
                     - html content: "by id or name "SYNC_COMPLETED_MESSAGE""
                     For documentation on this error, please visit: http://seleniumhq.org/exceptions/no_such_element.html
                     Build info: version: '2.53.0', revision: '35ae25b', time: '2016-03-15 16:57:40'
                     System info: host: 'BDC7-L-1Z7XLV1', ip: '10.239.225.203', os.name: 'Windows 10', os.arch: 'amd64', os.version: '10.0', java.version:
                     '1.8.0_121'
                     Driver info: driver.version: unknown
                     
                  </a>
                  					 
                  				
               </td>
            </tr>
            <tr>
               <td colspan="4" class="detailsBox">
                  <div id="mwo.tests.SyncTests_syncInterruption_byStatus_failed_FAIL1_details"
                       class="testMethodDetails">
                     <div>
                        <b>Name: </b>syncInterruption
                     </div>
                     <div>
                        <b>Signature: </b>syncInterruption()[pri:1, instance:mwo.tests.SyncTests@67b6d4ae]
                     </div>
                     <div>
                        <b>Start time: </b>17:14:46
                     </div>
                     <div>
                        <b>End time: </b>17:27:50
                     </div>
                     <div>
                        <b>Duration: </b>13
                        				m
                        			3
                        				s
                        			
                     </div>
                  </div>
               </td>
            </tr>
            <tr>
               <td colspan="4" class="detailsBox">
                  <div id="mwo.tests.SyncTests_syncInterruption_byStatus_failed_FAIL1_exception"
                       class="testMethodDetails">
                     <pre style="padding: 5px; margin: 0;">org.openqa.selenium.NoSuchElementException: Can't locate an element by this strategy: Locator map: 
                        - native content: "By.xpath: //android.widget.TextView[@resource-id='com.ifsworld.mworkorderapps9:id/sync__datatype' and contains(@text,
                        'Sync Ended')]" 
                        - html content: "by id or name "SYNC_COMPLETED_MESSAGE""
                        For documentation on this error, please visit: http://seleniumhq.org/exceptions/no_such_element.html
                        Build info: version: '2.53.0', revision: '35ae25b', time: '2016-03-15 16:57:40'
                        System info: host: 'BDC7-L-1Z7XLV1', ip: '10.239.225.203', os.name: 'Windows 10', os.arch: 'amd64', os.version: '10.0', java.version:
                        '1.8.0_121'
                        Driver info: driver.version: unknown
                        	at io.appium.java_client.pagefactory.AppiumElementLocator.findElement(AppiumElementLocator.java:97)
                        	at io.appium.java_client.pagefactory.interceptors.InterceptorOfASingleElement.intercept(InterceptorOfASingleElement.java:52)
                        	at io.appium.java_client.android.AndroidElement$$EnhancerByCGLIB$$86ac5fef.toString(&lt;generated&gt;)
                        	at java.lang.String.valueOf(String.java:2994)
                        	at java.lang.StringBuilder.append(StringBuilder.java:131)
                        	at org.openqa.selenium.support.ui.ExpectedConditions$10.toString(ExpectedConditions.java:293)
                        	at org.openqa.selenium.support.ui.ExpectedConditions$48.toString(ExpectedConditions.java:1481)
                        	at org.openqa.selenium.support.ui.FluentWait.until(FluentWait.java:257)
                        	at mwo.pages.SyncMonitorPage.syncCompletedVerification(Unknown Source)
                        	at mwo.tests.SyncTests.syncInterruption(Unknown Source)
                        	at sun.reflect.NativeMethodAccessorImpl.invoke0(Native Method)
                        	at sun.reflect.NativeMethodAccessorImpl.invoke(NativeMethodAccessorImpl.java:62)
                        	at sun.reflect.DelegatingMethodAccessorImpl.invoke(DelegatingMethodAccessorImpl.java:43)
                        	at java.lang.reflect.Method.invoke(Method.java:498)
                        	at org.testng.internal.MethodInvocationHelper.invokeMethod(MethodInvocationHelper.java:85)
                        	at org.testng.internal.Invoker.invokeMethod(Invoker.java:639)
                        	at org.testng.internal.Invoker.invokeTestMethod(Invoker.java:816)
                        	at org.testng.internal.Invoker.invokeTestMethods(Invoker.java:1124)
                        	at org.testng.internal.TestMethodWorker.invokeTestMethods(TestMethodWorker.java:125)
                        	at org.testng.internal.TestMethodWorker.run(TestMethodWorker.java:108)
                        	at org.testng.TestRunner.privateRun(TestRunner.java:774)
                        	at org.testng.TestRunner.run(TestRunner.java:624)
                        	at org.testng.SuiteRunner.runTest(SuiteRunner.java:359)
                        	at org.testng.SuiteRunner.runSequentially(SuiteRunner.java:354)
                        	at org.testng.SuiteRunner.privateRun(SuiteRunner.java:312)
                        	at org.testng.SuiteRunner.run(SuiteRunner.java:261)
                        	at org.testng.SuiteRunnerWorker.runSuite(SuiteRunnerWorker.java:52)
                        	at org.testng.SuiteRunnerWorker.run(SuiteRunnerWorker.java:86)
                        	at org.testng.TestNG.runSuitesSequentially(TestNG.java:1215)
                        	at org.testng.TestNG.runSuitesLocally(TestNG.java:1140)
                        	at org.testng.TestNG.run(TestNG.java:1048)
                        	at org.testng.TestNG.privateMain(TestNG.java:1355)
                        	at org.testng.TestNG.main(TestNG.java:1324)
                     </pre>
                  </div>
               </td>
            </tr>
            <tr id="mwo.tests.SyncTests_beforeSuite_byStatus_passed_PASS1_row"
                class="testMethodStatusPASS testMethodStatusCONF">
               <td width="100%" class="firstMethodCell">
                  <a onclick="toggleDetailsVisibility('mwo.tests.SyncTests_beforeSuite_byStatus_passed_PASS1_details')">beforeSuite()</a>
               </td>
               <td nowrap="true">17:13:57</td>
               <td nowrap="true" align="right">25
                  				s
                  			
               </td>
               <td nowrap="true">
                  					 
                  				
               </td>
            </tr>
            <tr>
               <td colspan="4" class="detailsBox">
                  <div id="mwo.tests.SyncTests_beforeSuite_byStatus_passed_PASS1_details"
                       class="testMethodDetails">
                     <div>
                        <b>Name: </b>beforeSuite
                     </div>
                     <div>
                        <b>Signature: </b>beforeSuite()[pri:0, instance:mwo.tests.SyncTests@67b6d4ae]
                     </div>
                     <div>
                        <b>Start time: </b>17:13:57
                     </div>
                     <div>
                        <b>End time: </b>17:14:23
                     </div>
                     <div>
                        <b>Duration: </b>25
                        				s
                        			
                     </div>
                  </div>
               </td>
            </tr>
            <tr></tr>
            <tr id="mwo.tests.SyncTests_beforeClass_byStatus_passed_PASS2_row"
                class="testMethodStatusPASS testMethodStatusCONF">
               <td width="100%" class="firstMethodCell">
                  <a onclick="toggleDetailsVisibility('mwo.tests.SyncTests_beforeClass_byStatus_passed_PASS2_details')">beforeClass()</a>
               </td>
               <td nowrap="true">17:14:23</td>
               <td nowrap="true" align="right">6
                  			 ms
                  		
               </td>
               <td nowrap="true">
                  					 
                  				
               </td>
            </tr>
            <tr>
               <td colspan="4" class="detailsBox">
                  <div id="mwo.tests.SyncTests_beforeClass_byStatus_passed_PASS2_details"
                       class="testMethodDetails">
                     <div>
                        <b>Name: </b>beforeClass
                     </div>
                     <div>
                        <b>Signature: </b>beforeClass()[pri:0, instance:mwo.tests.SyncTests@67b6d4ae]
                     </div>
                     <div>
                        <b>Start time: </b>17:14:23
                     </div>
                     <div>
                        <b>End time: </b>17:14:23
                     </div>
                     <div>
                        <b>Duration: </b>6
                        			 ms
                        		
                     </div>
                  </div>
               </td>
            </tr>
            <tr></tr>
            <tr id="mwo.tests.SyncTests_beforeMethod_byStatus_passed_PASS3_row"
                class="testMethodStatusPASS testMethodStatusCONF">
               <td width="100%" class="firstMethodCell">
                  <a onclick="toggleDetailsVisibility('mwo.tests.SyncTests_beforeMethod_byStatus_passed_PASS3_details')">beforeMethod(public void mwo.tests.SyncTests.syncInterruption() throws java.lang.Exception)</a>
               </td>
               <td nowrap="true">17:14:23</td>
               <td nowrap="true" align="right">23
                  				s
                  			
               </td>
               <td nowrap="true">
                  					 
                  				
               </td>
            </tr>
            <tr>
               <td colspan="4" class="detailsBox">
                  <div id="mwo.tests.SyncTests_beforeMethod_byStatus_passed_PASS3_details"
                       class="testMethodDetails">
                     <div>
                        <b>Name: </b>beforeMethod
                     </div>
                     <div>
                        <b>Signature: </b>beforeMethod(java.lang.reflect.Method)[pri:0, instance:mwo.tests.SyncTests@67b6d4ae]
                     </div>
                     <div>
                        <b>Parameters: </b>
                        
                        public void mwo.tests.SyncTests.syncInterruption() throws java.lang.Exception
                        
                        
                     </div>
                     <div>
                        <b>Start time: </b>17:14:23
                     </div>
                     <div>
                        <b>End time: </b>17:14:46
                     </div>
                     <div>
                        <b>Duration: </b>23
                        				s
                        			
                     </div>
                  </div>
               </td>
            </tr>
            <tr></tr>
            <tr id="mwo.tests.SyncTests_afterMethod_byStatus_passed_PASS4_row"
                class="testMethodStatusPASS testMethodStatusCONF">
               <td width="100%" class="firstMethodCell">
                  <a onclick="toggleDetailsVisibility('mwo.tests.SyncTests_afterMethod_byStatus_passed_PASS4_details')">afterMethod([TestResult name=syncInterruption status=FAILURE method=SyncTests.syncInterruption()[pri:1, instance:mwo.tests.SyncTests@67b6d4ae]
                     output=We are in Android, now checking for Alert messages...])
                  </a>
               </td>
               <td nowrap="true">17:27:50</td>
               <td nowrap="true" align="right">5
                  				s
                  			
               </td>
               <td nowrap="true">
                  					 
                  				
               </td>
            </tr>
            <tr>
               <td colspan="4" class="detailsBox">
                  <div id="mwo.tests.SyncTests_afterMethod_byStatus_passed_PASS4_details"
                       class="testMethodDetails">
                     <div>
                        <b>Name: </b>afterMethod
                     </div>
                     <div>
                        <b>Signature: </b>afterMethod(org.testng.ITestResult)[pri:0, instance:mwo.tests.SyncTests@67b6d4ae]
                     </div>
                     <div>
                        <b>Parameters: </b>
                        
                        [TestResult name=syncInterruption status=FAILURE method=SyncTests.syncInterruption()[pri:1, instance:mwo.tests.SyncTests@67b6d4ae]
                        output=We are in Android, now checking for Alert messages...]
                        
                        
                     </div>
                     <div>
                        <b>Start time: </b>17:27:50
                     </div>
                     <div>
                        <b>End time: </b>17:27:56
                     </div>
                     <div>
                        <b>Duration: </b>5
                        				s
                        			
                     </div>
                  </div>
               </td>
            </tr>
            <tr></tr>
            <tr id="mwo.tests.SyncTests_afterClass_byStatus_passed_PASS5_row"
                class="testMethodStatusPASS testMethodStatusCONF">
               <td width="100%" class="firstMethodCell">
                  <a onclick="toggleDetailsVisibility('mwo.tests.SyncTests_afterClass_byStatus_passed_PASS5_details')">afterClass()</a>
               </td>
               <td nowrap="true">17:27:56</td>
               <td nowrap="true" align="right">70
                  			 ms
                  		
               </td>
               <td nowrap="true">
                  					 
                  				
               </td>
            </tr>
            <tr>
               <td colspan="4" class="detailsBox">
                  <div id="mwo.tests.SyncTests_afterClass_byStatus_passed_PASS5_details"
                       class="testMethodDetails">
                     <div>
                        <b>Name: </b>afterClass
                     </div>
                     <div>
                        <b>Signature: </b>afterClass()[pri:0, instance:mwo.tests.SyncTests@67b6d4ae]
                     </div>
                     <div>
                        <b>Start time: </b>17:27:56
                     </div>
                     <div>
                        <b>End time: </b>17:27:56
                     </div>
                     <div>
                        <b>Duration: </b>70
                        			 ms
                        		
                     </div>
                  </div>
               </td>
            </tr>
            <tr></tr>
            <tr id="mwo.tests.SyncTests_afterSuite_byStatus_passed_PASS6_row"
                class="testMethodStatusPASS testMethodStatusCONF">
               <td width="100%" class="firstMethodCell">
                  <a onclick="toggleDetailsVisibility('mwo.tests.SyncTests_afterSuite_byStatus_passed_PASS6_details')">afterSuite()</a>
               </td>
               <td nowrap="true">17:27:56</td>
               <td nowrap="true" align="right">662
                  			 ms
                  		
               </td>
               <td nowrap="true">
                  					 
                  				
               </td>
            </tr>
            <tr>
               <td colspan="4" class="detailsBox">
                  <div id="mwo.tests.SyncTests_afterSuite_byStatus_passed_PASS6_details"
                       class="testMethodDetails">
                     <div>
                        <b>Name: </b>afterSuite
                     </div>
                     <div>
                        <b>Signature: </b>afterSuite()[pri:0, instance:mwo.tests.SyncTests@67b6d4ae]
                     </div>
                     <div>
                        <b>Start time: </b>17:27:56
                     </div>
                     <div>
                        <b>End time: </b>17:27:57
                     </div>
                     <div>
                        <b>Duration: </b>662
                        			 ms
                        		
                     </div>
                  </div>
               </td>
            </tr>
            <tr></tr>
         </table>
      </div>
      <div id="testMethodsByClass">
         <table class="testMethodsTable" cellpadding="0" cellspacing="0">
            <tr>
               <td colspan="4">
                  <h3 style="display: inline;">mwo.tests.SyncTests</h3>
               </td>
            </tr>
            <tr class="methodsTableHeader">
               <td width="100%">Name</td>
               <td nowrap="true">Started</td>
               <td nowrap="true">Duration</td>
               <td>Exception</td>
            </tr>
            <tr id="mwo.tests.SyncTests_beforeSuite_byClass_PASS1_row"
                class="testMethodStatusPASS testMethodStatusCONF">
               <td width="100%" class="firstMethodCell">
                  <a onclick="toggleDetailsVisibility('mwo.tests.SyncTests_beforeSuite_byClass_PASS1_details')">beforeSuite()</a>
               </td>
               <td nowrap="true">17:13:57</td>
               <td nowrap="true" align="right">25
                  				s
                  			
               </td>
               <td nowrap="true">
                  					 
                  				
               </td>
            </tr>
            <tr>
               <td colspan="4" class="detailsBox">
                  <div id="mwo.tests.SyncTests_beforeSuite_byClass_PASS1_details"
                       class="testMethodDetails">
                     <div>
                        <b>Name: </b>beforeSuite
                     </div>
                     <div>
                        <b>Signature: </b>beforeSuite()[pri:0, instance:mwo.tests.SyncTests@67b6d4ae]
                     </div>
                     <div>
                        <b>Start time: </b>17:13:57
                     </div>
                     <div>
                        <b>End time: </b>17:14:23
                     </div>
                     <div>
                        <b>Duration: </b>25
                        				s
                        			
                     </div>
                  </div>
               </td>
            </tr>
            <tr></tr>
            <tr id="mwo.tests.SyncTests_beforeClass_byClass_PASS2_row"
                class="testMethodStatusPASS testMethodStatusCONF">
               <td width="100%" class="firstMethodCell">
                  <a onclick="toggleDetailsVisibility('mwo.tests.SyncTests_beforeClass_byClass_PASS2_details')">beforeClass()</a>
               </td>
               <td nowrap="true">17:14:23</td>
               <td nowrap="true" align="right">6
                  			 ms
                  		
               </td>
               <td nowrap="true">
                  					 
                  				
               </td>
            </tr>
            <tr>
               <td colspan="4" class="detailsBox">
                  <div id="mwo.tests.SyncTests_beforeClass_byClass_PASS2_details"
                       class="testMethodDetails">
                     <div>
                        <b>Name: </b>beforeClass
                     </div>
                     <div>
                        <b>Signature: </b>beforeClass()[pri:0, instance:mwo.tests.SyncTests@67b6d4ae]
                     </div>
                     <div>
                        <b>Start time: </b>17:14:23
                     </div>
                     <div>
                        <b>End time: </b>17:14:23
                     </div>
                     <div>
                        <b>Duration: </b>6
                        			 ms
                        		
                     </div>
                  </div>
               </td>
            </tr>
            <tr></tr>
            <tr id="mwo.tests.SyncTests_beforeMethod_byClass_PASS3_row"
                class="testMethodStatusPASS testMethodStatusCONF">
               <td width="100%" class="firstMethodCell">
                  <a onclick="toggleDetailsVisibility('mwo.tests.SyncTests_beforeMethod_byClass_PASS3_details')">beforeMethod(public void mwo.tests.SyncTests.syncInterruption() throws java.lang.Exception)</a>
               </td>
               <td nowrap="true">17:14:23</td>
               <td nowrap="true" align="right">23
                  				s
                  			
               </td>
               <td nowrap="true">
                  					 
                  				
               </td>
            </tr>
            <tr>
               <td colspan="4" class="detailsBox">
                  <div id="mwo.tests.SyncTests_beforeMethod_byClass_PASS3_details"
                       class="testMethodDetails">
                     <div>
                        <b>Name: </b>beforeMethod
                     </div>
                     <div>
                        <b>Signature: </b>beforeMethod(java.lang.reflect.Method)[pri:0, instance:mwo.tests.SyncTests@67b6d4ae]
                     </div>
                     <div>
                        <b>Parameters: </b>
                        
                        public void mwo.tests.SyncTests.syncInterruption() throws java.lang.Exception
                        
                        
                     </div>
                     <div>
                        <b>Start time: </b>17:14:23
                     </div>
                     <div>
                        <b>End time: </b>17:14:46
                     </div>
                     <div>
                        <b>Duration: </b>23
                        				s
                        			
                     </div>
                  </div>
               </td>
            </tr>
            <tr></tr>
            <tr id="mwo.tests.SyncTests_syncInterruption_byClass_FAIL4_row"
                class="testMethodStatusFAIL">
               <td width="100%" class="firstMethodCell">
                  <a onclick="toggleDetailsVisibility('mwo.tests.SyncTests_syncInterruption_byClass_FAIL4_details')">syncInterruption()</a>
               </td>
               <td nowrap="true">17:14:46</td>
               <td nowrap="true" align="right">13
                  				m
                  			3
                  				s
                  			
               </td>
               <td nowrap="true">
                  <a onclick="toggleDetailsVisibility('mwo.tests.SyncTests_syncInterruption_byClass_FAIL4_exception')">org.openqa.selenium.NoSuchElementException: 
                     Can't locate an element by this strategy: Locator map: 
                     - native content: "By.xpath: //android.widget.TextView[@resource-id='com.ifsworld.mworkorderapps9:id/sync__datatype' and contains(@text,
                     'Sync Ended')]" 
                     - html content: "by id or name "SYNC_COMPLETED_MESSAGE""
                     For documentation on this error, please visit: http://seleniumhq.org/exceptions/no_such_element.html
                     Build info: version: '2.53.0', revision: '35ae25b', time: '2016-03-15 16:57:40'
                     System info: host: 'BDC7-L-1Z7XLV1', ip: '10.239.225.203', os.name: 'Windows 10', os.arch: 'amd64', os.version: '10.0', java.version:
                     '1.8.0_121'
                     Driver info: driver.version: unknown
                     
                  </a>
                  					 
                  				
               </td>
            </tr>
            <tr>
               <td colspan="4" class="detailsBox">
                  <div id="mwo.tests.SyncTests_syncInterruption_byClass_FAIL4_details"
                       class="testMethodDetails">
                     <div>
                        <b>Name: </b>syncInterruption
                     </div>
                     <div>
                        <b>Signature: </b>syncInterruption()[pri:1, instance:mwo.tests.SyncTests@67b6d4ae]
                     </div>
                     <div>
                        <b>Start time: </b>17:14:46
                     </div>
                     <div>
                        <b>End time: </b>17:27:50
                     </div>
                     <div>
                        <b>Duration: </b>13
                        				m
                        			3
                        				s
                        			
                     </div>
                  </div>
               </td>
            </tr>
            <tr>
               <td colspan="4" class="detailsBox">
                  <div id="mwo.tests.SyncTests_syncInterruption_byClass_FAIL4_exception"
                       class="testMethodDetails">
                     <pre style="padding: 5px; margin: 0;">org.openqa.selenium.NoSuchElementException: Can't locate an element by this strategy: Locator map: 
                        - native content: "By.xpath: //android.widget.TextView[@resource-id='com.ifsworld.mworkorderapps9:id/sync__datatype' and contains(@text,
                        'Sync Ended')]" 
                        - html content: "by id or name "SYNC_COMPLETED_MESSAGE""
                        For documentation on this error, please visit: http://seleniumhq.org/exceptions/no_such_element.html
                        Build info: version: '2.53.0', revision: '35ae25b', time: '2016-03-15 16:57:40'
                        System info: host: 'BDC7-L-1Z7XLV1', ip: '10.239.225.203', os.name: 'Windows 10', os.arch: 'amd64', os.version: '10.0', java.version:
                        '1.8.0_121'
                        Driver info: driver.version: unknown
                        	at io.appium.java_client.pagefactory.AppiumElementLocator.findElement(AppiumElementLocator.java:97)
                        	at io.appium.java_client.pagefactory.interceptors.InterceptorOfASingleElement.intercept(InterceptorOfASingleElement.java:52)
                        	at io.appium.java_client.android.AndroidElement$$EnhancerByCGLIB$$86ac5fef.toString(&lt;generated&gt;)
                        	at java.lang.String.valueOf(String.java:2994)
                        	at java.lang.StringBuilder.append(StringBuilder.java:131)
                        	at org.openqa.selenium.support.ui.ExpectedConditions$10.toString(ExpectedConditions.java:293)
                        	at org.openqa.selenium.support.ui.ExpectedConditions$48.toString(ExpectedConditions.java:1481)
                        	at org.openqa.selenium.support.ui.FluentWait.until(FluentWait.java:257)
                        	at mwo.pages.SyncMonitorPage.syncCompletedVerification(Unknown Source)
                        	at mwo.tests.SyncTests.syncInterruption(Unknown Source)
                        	at sun.reflect.NativeMethodAccessorImpl.invoke0(Native Method)
                        	at sun.reflect.NativeMethodAccessorImpl.invoke(NativeMethodAccessorImpl.java:62)
                        	at sun.reflect.DelegatingMethodAccessorImpl.invoke(DelegatingMethodAccessorImpl.java:43)
                        	at java.lang.reflect.Method.invoke(Method.java:498)
                        	at org.testng.internal.MethodInvocationHelper.invokeMethod(MethodInvocationHelper.java:85)
                        	at org.testng.internal.Invoker.invokeMethod(Invoker.java:639)
                        	at org.testng.internal.Invoker.invokeTestMethod(Invoker.java:816)
                        	at org.testng.internal.Invoker.invokeTestMethods(Invoker.java:1124)
                        	at org.testng.internal.TestMethodWorker.invokeTestMethods(TestMethodWorker.java:125)
                        	at org.testng.internal.TestMethodWorker.run(TestMethodWorker.java:108)
                        	at org.testng.TestRunner.privateRun(TestRunner.java:774)
                        	at org.testng.TestRunner.run(TestRunner.java:624)
                        	at org.testng.SuiteRunner.runTest(SuiteRunner.java:359)
                        	at org.testng.SuiteRunner.runSequentially(SuiteRunner.java:354)
                        	at org.testng.SuiteRunner.privateRun(SuiteRunner.java:312)
                        	at org.testng.SuiteRunner.run(SuiteRunner.java:261)
                        	at org.testng.SuiteRunnerWorker.runSuite(SuiteRunnerWorker.java:52)
                        	at org.testng.SuiteRunnerWorker.run(SuiteRunnerWorker.java:86)
                        	at org.testng.TestNG.runSuitesSequentially(TestNG.java:1215)
                        	at org.testng.TestNG.runSuitesLocally(TestNG.java:1140)
                        	at org.testng.TestNG.run(TestNG.java:1048)
                        	at org.testng.TestNG.privateMain(TestNG.java:1355)
                        	at org.testng.TestNG.main(TestNG.java:1324)
                     </pre>
                  </div>
               </td>
            </tr>
            <tr id="mwo.tests.SyncTests_afterMethod_byClass_PASS5_row"
                class="testMethodStatusPASS testMethodStatusCONF">
               <td width="100%" class="firstMethodCell">
                  <a onclick="toggleDetailsVisibility('mwo.tests.SyncTests_afterMethod_byClass_PASS5_details')">afterMethod([TestResult name=syncInterruption status=FAILURE method=SyncTests.syncInterruption()[pri:1, instance:mwo.tests.SyncTests@67b6d4ae]
                     output=We are in Android, now checking for Alert messages...])
                  </a>
               </td>
               <td nowrap="true">17:27:50</td>
               <td nowrap="true" align="right">5
                  				s
                  			
               </td>
               <td nowrap="true">
                  					 
                  				
               </td>
            </tr>
            <tr>
               <td colspan="4" class="detailsBox">
                  <div id="mwo.tests.SyncTests_afterMethod_byClass_PASS5_details"
                       class="testMethodDetails">
                     <div>
                        <b>Name: </b>afterMethod
                     </div>
                     <div>
                        <b>Signature: </b>afterMethod(org.testng.ITestResult)[pri:0, instance:mwo.tests.SyncTests@67b6d4ae]
                     </div>
                     <div>
                        <b>Parameters: </b>
                        
                        [TestResult name=syncInterruption status=FAILURE method=SyncTests.syncInterruption()[pri:1, instance:mwo.tests.SyncTests@67b6d4ae]
                        output=We are in Android, now checking for Alert messages...]
                        
                        
                     </div>
                     <div>
                        <b>Start time: </b>17:27:50
                     </div>
                     <div>
                        <b>End time: </b>17:27:56
                     </div>
                     <div>
                        <b>Duration: </b>5
                        				s
                        			
                     </div>
                  </div>
               </td>
            </tr>
            <tr></tr>
            <tr id="mwo.tests.SyncTests_afterClass_byClass_PASS6_row"
                class="testMethodStatusPASS testMethodStatusCONF">
               <td width="100%" class="firstMethodCell">
                  <a onclick="toggleDetailsVisibility('mwo.tests.SyncTests_afterClass_byClass_PASS6_details')">afterClass()</a>
               </td>
               <td nowrap="true">17:27:56</td>
               <td nowrap="true" align="right">70
                  			 ms
                  		
               </td>
               <td nowrap="true">
                  					 
                  				
               </td>
            </tr>
            <tr>
               <td colspan="4" class="detailsBox">
                  <div id="mwo.tests.SyncTests_afterClass_byClass_PASS6_details"
                       class="testMethodDetails">
                     <div>
                        <b>Name: </b>afterClass
                     </div>
                     <div>
                        <b>Signature: </b>afterClass()[pri:0, instance:mwo.tests.SyncTests@67b6d4ae]
                     </div>
                     <div>
                        <b>Start time: </b>17:27:56
                     </div>
                     <div>
                        <b>End time: </b>17:27:56
                     </div>
                     <div>
                        <b>Duration: </b>70
                        			 ms
                        		
                     </div>
                  </div>
               </td>
            </tr>
            <tr></tr>
            <tr id="mwo.tests.SyncTests_afterSuite_byClass_PASS7_row"
                class="testMethodStatusPASS testMethodStatusCONF">
               <td width="100%" class="firstMethodCell">
                  <a onclick="toggleDetailsVisibility('mwo.tests.SyncTests_afterSuite_byClass_PASS7_details')">afterSuite()</a>
               </td>
               <td nowrap="true">17:27:56</td>
               <td nowrap="true" align="right">662
                  			 ms
                  		
               </td>
               <td nowrap="true">
                  					 
                  				
               </td>
            </tr>
            <tr>
               <td colspan="4" class="detailsBox">
                  <div id="mwo.tests.SyncTests_afterSuite_byClass_PASS7_details"
                       class="testMethodDetails">
                     <div>
                        <b>Name: </b>afterSuite
                     </div>
                     <div>
                        <b>Signature: </b>afterSuite()[pri:0, instance:mwo.tests.SyncTests@67b6d4ae]
                     </div>
                     <div>
                        <b>Start time: </b>17:27:56
                     </div>
                     <div>
                        <b>End time: </b>17:27:57
                     </div>
                     <div>
                        <b>Duration: </b>662
                        			 ms
                        		
                     </div>
                  </div>
               </td>
            </tr>
            <tr></tr>
         </table>
         <br></br>
      </div>
      <div style="margin-top: 15px; color: gray; text-align: center; font-size: 9px;">
         			Generated with
         			
         <a href="http://code.google.com/p/testng-xslt/" style="color: #8888aa;"
            target="_blank">
            				TestNG XSLT
            			
         </a>
      </div>
   </body>
</html>