<?xml version="1.0" encoding="UTF-8"?>
<testng-results skipped="0" failed="1" total="1" passed="0">
  <reporter-output>
    <line>
      <![CDATA[We are in Android, now checking for Alert messages...]]>
    </line>
  </reporter-output>
  <suite name="POC_Automation_TestSuite" duration-ms="203556" started-at="2017-02-08T19:01:55Z" finished-at="2017-02-08T19:05:19Z">
    <groups>
      <group name="Testing">
        <method signature="LoginTests.returnWorkOrder()[pri:2, instance:mwo.tests.LoginTests@6fb554cc]" name="returnWorkOrder" class="mwo.tests.LoginTests"/>
      </group> <!-- Testing -->
    </groups>
    <test name="Test" duration-ms="203556" started-at="2017-02-08T19:01:55Z" finished-at="2017-02-08T19:05:19Z">
      <class name="mwo.tests.LoginTests">
        <test-method status="PASS" signature="beforeSuite()[pri:0, instance:mwo.tests.LoginTests@6fb554cc]" name="beforeSuite" is-config="true" duration-ms="27405" started-at="2017-02-08T19:01:28Z" finished-at="2017-02-08T19:01:55Z">
          <reporter-output>
          </reporter-output>
        </test-method> <!-- beforeSuite -->
        <test-method status="PASS" signature="beforeClass()[pri:0, instance:mwo.tests.LoginTests@6fb554cc]" name="beforeClass" is-config="true" duration-ms="5" started-at="2017-02-08T19:01:55Z" finished-at="2017-02-08T19:01:55Z">
          <reporter-output>
          </reporter-output>
        </test-method> <!-- beforeClass -->
        <test-method status="PASS" signature="beforeMethod(java.lang.reflect.Method)[pri:0, instance:mwo.tests.LoginTests@6fb554cc]" name="beforeMethod" is-config="true" duration-ms="42694" started-at="2017-02-08T19:01:55Z" finished-at="2017-02-08T19:02:38Z">
          <params>
            <param index="0">
              <value>
                <![CDATA[public void mwo.tests.LoginTests.returnWorkOrder() throws java.lang.Exception]]>
              </value>
            </param>
          </params>
          <reporter-output>
          </reporter-output>
        </test-method> <!-- beforeMethod -->
        <test-method status="FAIL" signature="returnWorkOrder()[pri:2, instance:mwo.tests.LoginTests@6fb554cc]" name="returnWorkOrder" duration-ms="152891" started-at="2017-02-08T19:02:38Z" finished-at="2017-02-08T19:05:11Z">
          <exception class="org.openqa.selenium.TimeoutException">
            <message>
              <![CDATA[Timed out after 30 seconds waiting for visibility of all []
Build info: version: '2.53.0', revision: '35ae25b', time: '2016-03-15 16:57:40'
System info: host: 'BDC7-L-1Z7XLV1', ip: '192.168.56.1', os.name: 'Windows 7', os.arch: 'amd64', os.version: '6.1', java.version: '1.8.0_121'
Driver info: io.appium.java_client.android.AndroidDriver
Capabilities [{appPackage=com.ifsworld.mworkorderapps9, app=./binaries/MobileWorkOrder_PRE_DEL.apk, networkConnectionEnabled=true, warnings={}, appWaitPackage=com.ifsworld.mworkorderapps9, databaseEnabled=false, version=, deviceName=701014be, fullReset=true, platform=ANDROID, deviceUDID=701014be, appActivity=com.ifsworld.mworkorder.LauncherActivity, desired={appPackage=com.ifsworld.mworkorderapps9, app=./binaries/MobileWorkOrder_PRE_DEL.apk, appWaitPackage=com.ifsworld.mworkorderapps9, version=, deviceName=701014be, fullReset=true, platform=ANDROID, appActivity=com.ifsworld.mworkorder.LauncherActivity, platformVersion=5.0.1, automationName=Appium, browserName=android, takesScreenshot=true, platformName=Android, autoAcceptAlerts=true}, platformVersion=5.0.1, webStorageEnabled=false, locationContextEnabled=false, automationName=Appium, takesScreenshot=true, browserName=android, javascriptEnabled=true, platformName=Android, autoAcceptAlerts=true}]
Session ID: 1f4c8a9c-ab68-41ae-8dbe-5f73f85ec6cb]]>
            </message>
            <full-stacktrace>
              <![CDATA[org.openqa.selenium.TimeoutException: Timed out after 30 seconds waiting for visibility of all []
Build info: version: '2.53.0', revision: '35ae25b', time: '2016-03-15 16:57:40'
System info: host: 'BDC7-L-1Z7XLV1', ip: '192.168.56.1', os.name: 'Windows 7', os.arch: 'amd64', os.version: '6.1', java.version: '1.8.0_121'
Driver info: io.appium.java_client.android.AndroidDriver
Capabilities [{appPackage=com.ifsworld.mworkorderapps9, app=./binaries/MobileWorkOrder_PRE_DEL.apk, networkConnectionEnabled=true, warnings={}, appWaitPackage=com.ifsworld.mworkorderapps9, databaseEnabled=false, version=, deviceName=701014be, fullReset=true, platform=ANDROID, deviceUDID=701014be, appActivity=com.ifsworld.mworkorder.LauncherActivity, desired={appPackage=com.ifsworld.mworkorderapps9, app=./binaries/MobileWorkOrder_PRE_DEL.apk, appWaitPackage=com.ifsworld.mworkorderapps9, version=, deviceName=701014be, fullReset=true, platform=ANDROID, appActivity=com.ifsworld.mworkorder.LauncherActivity, platformVersion=5.0.1, automationName=Appium, browserName=android, takesScreenshot=true, platformName=Android, autoAcceptAlerts=true}, platformVersion=5.0.1, webStorageEnabled=false, locationContextEnabled=false, automationName=Appium, takesScreenshot=true, browserName=android, javascriptEnabled=true, platformName=Android, autoAcceptAlerts=true}]
Session ID: 1f4c8a9c-ab68-41ae-8dbe-5f73f85ec6cb
	at org.openqa.selenium.support.ui.WebDriverWait.timeoutException(WebDriverWait.java:80)
	at org.openqa.selenium.support.ui.FluentWait.until(FluentWait.java:261)
	at com.appium.base.PageBase.waitForElementsVisible(Unknown Source)
	at mwo.pages.LoginPage.validLoginFunctionality(Unknown Source)
	at mwo.tests.LoginTests.returnWorkOrder(Unknown Source)
	at sun.reflect.NativeMethodAccessorImpl.invoke0(Native Method)
	at sun.reflect.NativeMethodAccessorImpl.invoke(NativeMethodAccessorImpl.java:62)
	at sun.reflect.DelegatingMethodAccessorImpl.invoke(DelegatingMethodAccessorImpl.java:43)
	at java.lang.reflect.Method.invoke(Method.java:498)
	at org.testng.internal.MethodInvocationHelper.invokeMethod(MethodInvocationHelper.java:85)
	at org.testng.internal.Invoker.invokeMethod(Invoker.java:639)
	at org.testng.internal.Invoker.invokeTestMethod(Invoker.java:816)
	at org.testng.internal.Invoker.invokeTestMethods(Invoker.java:1124)
	at org.testng.internal.TestMethodWorker.invokeTestMethods(TestMethodWorker.java:125)
	at org.testng.internal.TestMethodWorker.run(TestMethodWorker.java:108)
	at org.testng.TestRunner.privateRun(TestRunner.java:774)
	at org.testng.TestRunner.run(TestRunner.java:624)
	at org.testng.SuiteRunner.runTest(SuiteRunner.java:359)
	at org.testng.SuiteRunner.runSequentially(SuiteRunner.java:354)
	at org.testng.SuiteRunner.privateRun(SuiteRunner.java:312)
	at org.testng.SuiteRunner.run(SuiteRunner.java:261)
	at org.testng.SuiteRunnerWorker.runSuite(SuiteRunnerWorker.java:52)
	at org.testng.SuiteRunnerWorker.run(SuiteRunnerWorker.java:86)
	at org.testng.TestNG.runSuitesSequentially(TestNG.java:1215)
	at org.testng.TestNG.runSuitesLocally(TestNG.java:1140)
	at org.testng.TestNG.run(TestNG.java:1048)
	at org.testng.TestNG.privateMain(TestNG.java:1355)
	at org.testng.TestNG.main(TestNG.java:1324)
]]>
            </full-stacktrace>
          </exception> <!-- org.openqa.selenium.TimeoutException -->
          <reporter-output>
            <line>
              <![CDATA[We are in Android, now checking for Alert messages...]]>
            </line>
          </reporter-output>
        </test-method> <!-- returnWorkOrder -->
        <test-method status="PASS" signature="afterMethod(org.testng.ITestResult)[pri:0, instance:mwo.tests.LoginTests@6fb554cc]" name="afterMethod" is-config="true" duration-ms="7897" started-at="2017-02-08T19:05:11Z" finished-at="2017-02-08T19:05:18Z">
          <params>
            <param index="0">
              <value>
                <![CDATA[[TestResult name=returnWorkOrder status=FAILURE method=LoginTests.returnWorkOrder()[pri:2, instance:mwo.tests.LoginTests@6fb554cc] output=We are in Android, now checking for Alert messages...]]]>
              </value>
            </param>
          </params>
          <reporter-output>
          </reporter-output>
        </test-method> <!-- afterMethod -->
        <test-method status="PASS" signature="afterClass()[pri:0, instance:mwo.tests.LoginTests@6fb554cc]" name="afterClass" is-config="true" duration-ms="56" started-at="2017-02-08T19:05:18Z" finished-at="2017-02-08T19:05:19Z">
          <reporter-output>
          </reporter-output>
        </test-method> <!-- afterClass -->
        <test-method status="PASS" signature="afterSuite()[pri:0, instance:mwo.tests.LoginTests@6fb554cc]" name="afterSuite" is-config="true" duration-ms="492" started-at="2017-02-08T19:05:19Z" finished-at="2017-02-08T19:05:19Z">
          <reporter-output>
          </reporter-output>
        </test-method> <!-- afterSuite -->
      </class> <!-- mwo.tests.LoginTests -->
    </test> <!-- Test -->
  </suite> <!-- POC_Automation_TestSuite -->
</testng-results>
