<?xml version="1.0" encoding="UTF-8"?>
<!-- Generated by org.testng.reporters.JUnitXMLReporter -->
<testsuite hostname="BDC7-L-1Z7XLV1" name="Test" tests="7" failures="0" timestamp="13 Jun 2017 13:44:05 GMT" time="1470.966" errors="0">
  <testcase name="addPictureToTheWO" time="349.915" classname="mwo.tests.GPMergeTests"/>
  <testcase name="CreateNewWOFromClient" time="139.147" classname="mwo.tests.GPMergeTests"/>
  <testcase name="activateUserAndIssueMaterialRequest" time="201.425" classname="mwo.tests.GPMergeTests"/>
  <testcase name="addExpenseClaimToTheWO" time="165.653" classname="mwo.tests.GPMergeTests"/>
  <testcase name="verifyUIDesignerAccessAndAddTimeReportToTheWO" time="169.501" classname="mwo.tests.GPMergeTests"/>
  <testcase name="completeWorkOrder" time="197.603" classname="mwo.tests.GPMergeTests"/>
  <testcase name="ObjectMeasurementsClientToEE" time="84.081" classname="mwo.tests.GPMergeTests"/>
</testsuite> <!-- Test -->
