<?xml version="1.0" encoding="UTF-8"?>
<testng-results skipped="0" failed="1" total="8" passed="7">
  <reporter-output>
    <line>
      <![CDATA[We are in Android, now checking for Alert messages...]]>
    </line>
    <line>
      <![CDATA[We are in Android, now checking for Alert messages...]]>
    </line>
    <line>
      <![CDATA[We are in Android, now checking for Alert messages...]]>
    </line>
    <line>
      <![CDATA[We are in Android, now checking for Alert messages...]]>
    </line>
    <line>
      <![CDATA[We are in Android, now checking for Alert messages...]]>
    </line>
    <line>
      <![CDATA[We are in Android, now checking for Alert messages...]]>
    </line>
    <line>
      <![CDATA[We are in Android, now checking for Alert messages...]]>
    </line>
    <line>
      <![CDATA[We are in Android, now checking for Alert messages...]]>
    </line>
  </reporter-output>
  <suite name="POC_Automation_TestSuite" duration-ms="1795143" started-at="2017-06-02T13:51:33Z" finished-at="2017-06-02T14:21:28Z">
    <groups>
      <group name="Final.Regression.Android">
        <method signature="GPMergeTests.CreateNewWOFromClient()[pri:8, instance:mwo.tests.GPMergeTests@35d176f7]" name="CreateNewWOFromClient" class="mwo.tests.GPMergeTests"/>
        <method signature="GPMergeTests.ObjectMeasurementsClientToEE()[pri:7, instance:mwo.tests.GPMergeTests@35d176f7]" name="ObjectMeasurementsClientToEE" class="mwo.tests.GPMergeTests"/>
        <method signature="GPMergeTests.activateUserAndIssueMaterialRequest()[pri:2, instance:mwo.tests.GPMergeTests@35d176f7]" name="activateUserAndIssueMaterialRequest" class="mwo.tests.GPMergeTests"/>
        <method signature="GPMergeTests.activationFailureTest()[pri:1, instance:mwo.tests.GPMergeTests@35d176f7]" name="activationFailureTest" class="mwo.tests.GPMergeTests"/>
        <method signature="GPMergeTests.addExpenseClaimToTheWO()[pri:3, instance:mwo.tests.GPMergeTests@35d176f7]" name="addExpenseClaimToTheWO" class="mwo.tests.GPMergeTests"/>
        <method signature="GPMergeTests.addPictureToTheWO()[pri:5, instance:mwo.tests.GPMergeTests@35d176f7]" name="addPictureToTheWO" class="mwo.tests.GPMergeTests"/>
        <method signature="GPMergeTests.completeWorkOrder()[pri:6, instance:mwo.tests.GPMergeTests@35d176f7]" name="completeWorkOrder" class="mwo.tests.GPMergeTests"/>
        <method signature="GPMergeTests.verifyUIDesignerAccessAndAddTimeReportToTheWO()[pri:4, instance:mwo.tests.GPMergeTests@35d176f7]" name="verifyUIDesignerAccessAndAddTimeReportToTheWO" class="mwo.tests.GPMergeTests"/>
      </group> <!-- Final.Regression.Android -->
    </groups>
    <test name="Test" duration-ms="1795143" started-at="2017-06-02T13:51:33Z" finished-at="2017-06-02T14:21:28Z">
      <class name="mwo.tests.GPMergeTests">
        <test-method status="PASS" signature="beforeSuite()[pri:0, instance:mwo.tests.GPMergeTests@35d176f7]" name="beforeSuite" is-config="true" duration-ms="25781" started-at="2017-06-02T19:21:07Z" finished-at="2017-06-02T19:21:33Z">
          <reporter-output>
          </reporter-output>
        </test-method> <!-- beforeSuite -->
        <test-method status="PASS" signature="beforeClass()[pri:0, instance:mwo.tests.GPMergeTests@35d176f7]" name="beforeClass" is-config="true" duration-ms="15" started-at="2017-06-02T19:21:33Z" finished-at="2017-06-02T19:21:33Z">
          <reporter-output>
          </reporter-output>
        </test-method> <!-- beforeClass -->
        <test-method status="PASS" signature="beforeMethod(java.lang.reflect.Method)[pri:0, instance:mwo.tests.GPMergeTests@35d176f7]" name="beforeMethod" is-config="true" duration-ms="29241" started-at="2017-06-02T19:21:33Z" finished-at="2017-06-02T19:22:02Z">
          <params>
            <param index="0">
              <value>
                <![CDATA[public void mwo.tests.GPMergeTests.activationFailureTest() throws java.lang.Exception]]>
              </value>
            </param>
          </params>
          <reporter-output>
          </reporter-output>
        </test-method> <!-- beforeMethod -->
        <test-method status="PASS" signature="activationFailureTest()[pri:1, instance:mwo.tests.GPMergeTests@35d176f7]" name="activationFailureTest" duration-ms="109418" started-at="2017-06-02T19:22:02Z" finished-at="2017-06-02T19:23:51Z">
          <reporter-output>
            <line>
              <![CDATA[We are in Android, now checking for Alert messages...]]>
            </line>
          </reporter-output>
        </test-method> <!-- activationFailureTest -->
        <test-method status="PASS" signature="afterMethod(org.testng.ITestResult)[pri:0, instance:mwo.tests.GPMergeTests@35d176f7]" name="afterMethod" is-config="true" duration-ms="11140" started-at="2017-06-02T19:23:51Z" finished-at="2017-06-02T19:24:02Z">
          <params>
            <param index="0">
              <value>
                <![CDATA[[TestResult name=activationFailureTest status=SUCCESS method=GPMergeTests.activationFailureTest()[pri:1, instance:mwo.tests.GPMergeTests@35d176f7] output=We are in Android, now checking for Alert messages...]]]>
              </value>
            </param>
          </params>
          <reporter-output>
          </reporter-output>
        </test-method> <!-- afterMethod -->
        <test-method status="PASS" signature="beforeMethod(java.lang.reflect.Method)[pri:0, instance:mwo.tests.GPMergeTests@35d176f7]" name="beforeMethod" is-config="true" duration-ms="25936" started-at="2017-06-02T19:24:02Z" finished-at="2017-06-02T19:24:28Z">
          <params>
            <param index="0">
              <value>
                <![CDATA[public void mwo.tests.GPMergeTests.activateUserAndIssueMaterialRequest() throws java.lang.Exception]]>
              </value>
            </param>
          </params>
          <reporter-output>
          </reporter-output>
        </test-method> <!-- beforeMethod -->
        <test-method status="FAIL" signature="activateUserAndIssueMaterialRequest()[pri:2, instance:mwo.tests.GPMergeTests@35d176f7]" name="activateUserAndIssueMaterialRequest" duration-ms="228046" started-at="2017-06-02T19:24:28Z" finished-at="2017-06-02T19:28:16Z">
          <exception class="org.openqa.selenium.NoSuchElementException">
            <message>
              <![CDATA[Can't locate an element by this strategy: Locator map: 
- native content: "By.xpath: //android.widget.ImageView[contains(@content-desc,'More options')]" 
- html content: "by id or name "MORE_OPTIONS_ICON""
For documentation on this error, please visit: http://seleniumhq.org/exceptions/no_such_element.html
Build info: version: '2.53.0', revision: '35ae25b', time: '2016-03-15 16:57:40'
System info: host: 'BDC7-L-1Z7XLV1', ip: '10.246.73.131', os.name: 'Windows 10', os.arch: 'amd64', os.version: '10.0', java.version: '1.8.0_121'
Driver info: driver.version: unknown]]>
            </message>
            <full-stacktrace>
              <![CDATA[org.openqa.selenium.NoSuchElementException: Can't locate an element by this strategy: Locator map: 
- native content: "By.xpath: //android.widget.ImageView[contains(@content-desc,'More options')]" 
- html content: "by id or name "MORE_OPTIONS_ICON""
For documentation on this error, please visit: http://seleniumhq.org/exceptions/no_such_element.html
Build info: version: '2.53.0', revision: '35ae25b', time: '2016-03-15 16:57:40'
System info: host: 'BDC7-L-1Z7XLV1', ip: '10.246.73.131', os.name: 'Windows 10', os.arch: 'amd64', os.version: '10.0', java.version: '1.8.0_121'
Driver info: driver.version: unknown
	at io.appium.java_client.pagefactory.AppiumElementLocator.findElement(AppiumElementLocator.java:97)
	at io.appium.java_client.pagefactory.interceptors.InterceptorOfASingleElement.intercept(InterceptorOfASingleElement.java:52)
	at io.appium.java_client.android.AndroidElement$$EnhancerByCGLIB$$ff0cbada.isDisplayed(<generated>)
	at mwo.pages.HomePage.homeScreenVerification(Unknown Source)
	at mwo.pages.HomePage.launchWorkOrders(Unknown Source)
	at mwo.tests.GPMergeTests.activateUserAndIssueMaterialRequest(Unknown Source)
	at sun.reflect.NativeMethodAccessorImpl.invoke0(Native Method)
	at sun.reflect.NativeMethodAccessorImpl.invoke(NativeMethodAccessorImpl.java:62)
	at sun.reflect.DelegatingMethodAccessorImpl.invoke(DelegatingMethodAccessorImpl.java:43)
	at java.lang.reflect.Method.invoke(Method.java:498)
	at org.testng.internal.MethodInvocationHelper.invokeMethod(MethodInvocationHelper.java:85)
	at org.testng.internal.Invoker.invokeMethod(Invoker.java:639)
	at org.testng.internal.Invoker.invokeTestMethod(Invoker.java:816)
	at org.testng.internal.Invoker.invokeTestMethods(Invoker.java:1124)
	at org.testng.internal.TestMethodWorker.invokeTestMethods(TestMethodWorker.java:125)
	at org.testng.internal.TestMethodWorker.run(TestMethodWorker.java:108)
	at org.testng.TestRunner.privateRun(TestRunner.java:774)
	at org.testng.TestRunner.run(TestRunner.java:624)
	at org.testng.SuiteRunner.runTest(SuiteRunner.java:359)
	at org.testng.SuiteRunner.runSequentially(SuiteRunner.java:354)
	at org.testng.SuiteRunner.privateRun(SuiteRunner.java:312)
	at org.testng.SuiteRunner.run(SuiteRunner.java:261)
	at org.testng.SuiteRunnerWorker.runSuite(SuiteRunnerWorker.java:52)
	at org.testng.SuiteRunnerWorker.run(SuiteRunnerWorker.java:86)
	at org.testng.TestNG.runSuitesSequentially(TestNG.java:1215)
	at org.testng.TestNG.runSuitesLocally(TestNG.java:1140)
	at org.testng.TestNG.run(TestNG.java:1048)
	at org.testng.TestNG.privateMain(TestNG.java:1355)
	at org.testng.TestNG.main(TestNG.java:1324)
]]>
            </full-stacktrace>
          </exception> <!-- org.openqa.selenium.NoSuchElementException -->
          <reporter-output>
            <line>
              <![CDATA[We are in Android, now checking for Alert messages...]]>
            </line>
          </reporter-output>
        </test-method> <!-- activateUserAndIssueMaterialRequest -->
        <test-method status="PASS" signature="afterMethod(org.testng.ITestResult)[pri:0, instance:mwo.tests.GPMergeTests@35d176f7]" name="afterMethod" is-config="true" duration-ms="15827" started-at="2017-06-02T19:28:16Z" finished-at="2017-06-02T19:28:32Z">
          <params>
            <param index="0">
              <value>
                <![CDATA[[TestResult name=activateUserAndIssueMaterialRequest status=FAILURE method=GPMergeTests.activateUserAndIssueMaterialRequest()[pri:2, instance:mwo.tests.GPMergeTests@35d176f7] output=We are in Android, now checking for Alert messages...]]]>
              </value>
            </param>
          </params>
          <reporter-output>
          </reporter-output>
        </test-method> <!-- afterMethod -->
        <test-method status="PASS" signature="beforeMethod(java.lang.reflect.Method)[pri:0, instance:mwo.tests.GPMergeTests@35d176f7]" name="beforeMethod" is-config="true" duration-ms="26014" started-at="2017-06-02T19:28:32Z" finished-at="2017-06-02T19:28:58Z">
          <params>
            <param index="0">
              <value>
                <![CDATA[public void mwo.tests.GPMergeTests.addExpenseClaimToTheWO() throws java.lang.Exception]]>
              </value>
            </param>
          </params>
          <reporter-output>
          </reporter-output>
        </test-method> <!-- beforeMethod -->
        <test-method status="PASS" signature="addExpenseClaimToTheWO()[pri:3, instance:mwo.tests.GPMergeTests@35d176f7]" name="addExpenseClaimToTheWO" duration-ms="215725" started-at="2017-06-02T19:28:58Z" finished-at="2017-06-02T19:32:34Z">
          <reporter-output>
            <line>
              <![CDATA[We are in Android, now checking for Alert messages...]]>
            </line>
          </reporter-output>
        </test-method> <!-- addExpenseClaimToTheWO -->
        <test-method status="PASS" signature="afterMethod(org.testng.ITestResult)[pri:0, instance:mwo.tests.GPMergeTests@35d176f7]" name="afterMethod" is-config="true" duration-ms="11117" started-at="2017-06-02T19:32:34Z" finished-at="2017-06-02T19:32:45Z">
          <params>
            <param index="0">
              <value>
                <![CDATA[[TestResult name=addExpenseClaimToTheWO status=SUCCESS method=GPMergeTests.addExpenseClaimToTheWO()[pri:3, instance:mwo.tests.GPMergeTests@35d176f7] output=We are in Android, now checking for Alert messages...]]]>
              </value>
            </param>
          </params>
          <reporter-output>
          </reporter-output>
        </test-method> <!-- afterMethod -->
        <test-method status="PASS" signature="beforeMethod(java.lang.reflect.Method)[pri:0, instance:mwo.tests.GPMergeTests@35d176f7]" name="beforeMethod" is-config="true" duration-ms="25448" started-at="2017-06-02T19:32:45Z" finished-at="2017-06-02T19:33:11Z">
          <params>
            <param index="0">
              <value>
                <![CDATA[public void mwo.tests.GPMergeTests.verifyUIDesignerAccessAndAddTimeReportToTheWO() throws java.lang.Exception]]>
              </value>
            </param>
          </params>
          <reporter-output>
          </reporter-output>
        </test-method> <!-- beforeMethod -->
        <test-method status="PASS" signature="verifyUIDesignerAccessAndAddTimeReportToTheWO()[pri:4, instance:mwo.tests.GPMergeTests@35d176f7]" name="verifyUIDesignerAccessAndAddTimeReportToTheWO" duration-ms="217374" started-at="2017-06-02T19:33:11Z" finished-at="2017-06-02T19:36:48Z">
          <reporter-output>
            <line>
              <![CDATA[We are in Android, now checking for Alert messages...]]>
            </line>
          </reporter-output>
        </test-method> <!-- verifyUIDesignerAccessAndAddTimeReportToTheWO -->
        <test-method status="PASS" signature="afterMethod(org.testng.ITestResult)[pri:0, instance:mwo.tests.GPMergeTests@35d176f7]" name="afterMethod" is-config="true" duration-ms="11289" started-at="2017-06-02T19:36:48Z" finished-at="2017-06-02T19:36:59Z">
          <params>
            <param index="0">
              <value>
                <![CDATA[[TestResult name=verifyUIDesignerAccessAndAddTimeReportToTheWO status=SUCCESS method=GPMergeTests.verifyUIDesignerAccessAndAddTimeReportToTheWO()[pri:4, instance:mwo.tests.GPMergeTests@35d176f7] output=We are in Android, now checking for Alert messages...]]]>
              </value>
            </param>
          </params>
          <reporter-output>
          </reporter-output>
        </test-method> <!-- afterMethod -->
        <test-method status="PASS" signature="beforeMethod(java.lang.reflect.Method)[pri:0, instance:mwo.tests.GPMergeTests@35d176f7]" name="beforeMethod" is-config="true" duration-ms="25475" started-at="2017-06-02T19:36:59Z" finished-at="2017-06-02T19:37:25Z">
          <params>
            <param index="0">
              <value>
                <![CDATA[public void mwo.tests.GPMergeTests.addPictureToTheWO() throws java.lang.Exception]]>
              </value>
            </param>
          </params>
          <reporter-output>
          </reporter-output>
        </test-method> <!-- beforeMethod -->
        <test-method status="PASS" signature="addPictureToTheWO()[pri:5, instance:mwo.tests.GPMergeTests@35d176f7]" name="addPictureToTheWO" duration-ms="218792" started-at="2017-06-02T19:37:25Z" finished-at="2017-06-02T19:41:04Z">
          <reporter-output>
            <line>
              <![CDATA[We are in Android, now checking for Alert messages...]]>
            </line>
          </reporter-output>
        </test-method> <!-- addPictureToTheWO -->
        <test-method status="PASS" signature="afterMethod(org.testng.ITestResult)[pri:0, instance:mwo.tests.GPMergeTests@35d176f7]" name="afterMethod" is-config="true" duration-ms="11680" started-at="2017-06-02T19:41:04Z" finished-at="2017-06-02T19:41:15Z">
          <params>
            <param index="0">
              <value>
                <![CDATA[[TestResult name=addPictureToTheWO status=SUCCESS method=GPMergeTests.addPictureToTheWO()[pri:5, instance:mwo.tests.GPMergeTests@35d176f7] output=We are in Android, now checking for Alert messages...]]]>
              </value>
            </param>
          </params>
          <reporter-output>
          </reporter-output>
        </test-method> <!-- afterMethod -->
        <test-method status="PASS" signature="beforeMethod(java.lang.reflect.Method)[pri:0, instance:mwo.tests.GPMergeTests@35d176f7]" name="beforeMethod" is-config="true" duration-ms="25726" started-at="2017-06-02T19:41:15Z" finished-at="2017-06-02T19:41:41Z">
          <params>
            <param index="0">
              <value>
                <![CDATA[public void mwo.tests.GPMergeTests.completeWorkOrder() throws java.lang.Exception]]>
              </value>
            </param>
          </params>
          <reporter-output>
          </reporter-output>
        </test-method> <!-- beforeMethod -->
        <test-method status="PASS" signature="completeWorkOrder()[pri:6, instance:mwo.tests.GPMergeTests@35d176f7]" name="completeWorkOrder" duration-ms="190428" started-at="2017-06-02T19:41:41Z" finished-at="2017-06-02T19:44:51Z">
          <reporter-output>
            <line>
              <![CDATA[We are in Android, now checking for Alert messages...]]>
            </line>
          </reporter-output>
        </test-method> <!-- completeWorkOrder -->
        <test-method status="PASS" signature="afterMethod(org.testng.ITestResult)[pri:0, instance:mwo.tests.GPMergeTests@35d176f7]" name="afterMethod" is-config="true" duration-ms="11587" started-at="2017-06-02T19:44:51Z" finished-at="2017-06-02T19:45:03Z">
          <params>
            <param index="0">
              <value>
                <![CDATA[[TestResult name=completeWorkOrder status=SUCCESS method=GPMergeTests.completeWorkOrder()[pri:6, instance:mwo.tests.GPMergeTests@35d176f7] output=We are in Android, now checking for Alert messages...]]]>
              </value>
            </param>
          </params>
          <reporter-output>
          </reporter-output>
        </test-method> <!-- afterMethod -->
        <test-method status="PASS" signature="beforeMethod(java.lang.reflect.Method)[pri:0, instance:mwo.tests.GPMergeTests@35d176f7]" name="beforeMethod" is-config="true" duration-ms="25049" started-at="2017-06-02T19:45:03Z" finished-at="2017-06-02T19:45:28Z">
          <params>
            <param index="0">
              <value>
                <![CDATA[public void mwo.tests.GPMergeTests.ObjectMeasurementsClientToEE() throws java.lang.Exception]]>
              </value>
            </param>
          </params>
          <reporter-output>
          </reporter-output>
        </test-method> <!-- beforeMethod -->
        <test-method status="PASS" signature="ObjectMeasurementsClientToEE()[pri:7, instance:mwo.tests.GPMergeTests@35d176f7]" name="ObjectMeasurementsClientToEE" duration-ms="101705" started-at="2017-06-02T19:45:28Z" finished-at="2017-06-02T19:47:10Z">
          <reporter-output>
            <line>
              <![CDATA[We are in Android, now checking for Alert messages...]]>
            </line>
          </reporter-output>
        </test-method> <!-- ObjectMeasurementsClientToEE -->
        <test-method status="PASS" signature="afterMethod(org.testng.ITestResult)[pri:0, instance:mwo.tests.GPMergeTests@35d176f7]" name="afterMethod" is-config="true" duration-ms="11104" started-at="2017-06-02T19:47:10Z" finished-at="2017-06-02T19:47:21Z">
          <params>
            <param index="0">
              <value>
                <![CDATA[[TestResult name=ObjectMeasurementsClientToEE status=SUCCESS method=GPMergeTests.ObjectMeasurementsClientToEE()[pri:7, instance:mwo.tests.GPMergeTests@35d176f7] output=We are in Android, now checking for Alert messages...]]]>
              </value>
            </param>
          </params>
          <reporter-output>
          </reporter-output>
        </test-method> <!-- afterMethod -->
        <test-method status="PASS" signature="beforeMethod(java.lang.reflect.Method)[pri:0, instance:mwo.tests.GPMergeTests@35d176f7]" name="beforeMethod" is-config="true" duration-ms="25691" started-at="2017-06-02T19:47:21Z" finished-at="2017-06-02T19:47:47Z">
          <params>
            <param index="0">
              <value>
                <![CDATA[public void mwo.tests.GPMergeTests.CreateNewWOFromClient() throws java.lang.Exception]]>
              </value>
            </param>
          </params>
          <reporter-output>
          </reporter-output>
        </test-method> <!-- beforeMethod -->
        <test-method status="PASS" signature="CreateNewWOFromClient()[pri:8, instance:mwo.tests.GPMergeTests@35d176f7]" name="CreateNewWOFromClient" duration-ms="210133" started-at="2017-06-02T19:47:47Z" finished-at="2017-06-02T19:51:17Z">
          <reporter-output>
            <line>
              <![CDATA[We are in Android, now checking for Alert messages...]]>
            </line>
          </reporter-output>
        </test-method> <!-- CreateNewWOFromClient -->
        <test-method status="PASS" signature="afterMethod(org.testng.ITestResult)[pri:0, instance:mwo.tests.GPMergeTests@35d176f7]" name="afterMethod" is-config="true" duration-ms="11119" started-at="2017-06-02T19:51:17Z" finished-at="2017-06-02T19:51:28Z">
          <params>
            <param index="0">
              <value>
                <![CDATA[[TestResult name=CreateNewWOFromClient status=SUCCESS method=GPMergeTests.CreateNewWOFromClient()[pri:8, instance:mwo.tests.GPMergeTests@35d176f7] output=We are in Android, now checking for Alert messages...]]]>
              </value>
            </param>
          </params>
          <reporter-output>
          </reporter-output>
        </test-method> <!-- afterMethod -->
        <test-method status="PASS" signature="afterClass()[pri:0, instance:mwo.tests.GPMergeTests@35d176f7]" name="afterClass" is-config="true" duration-ms="47" started-at="2017-06-02T19:51:28Z" finished-at="2017-06-02T19:51:28Z">
          <reporter-output>
          </reporter-output>
        </test-method> <!-- afterClass -->
        <test-method status="PASS" signature="afterSuite()[pri:0, instance:mwo.tests.GPMergeTests@35d176f7]" name="afterSuite" is-config="true" duration-ms="623" started-at="2017-06-02T19:51:28Z" finished-at="2017-06-02T19:51:28Z">
          <reporter-output>
          </reporter-output>
        </test-method> <!-- afterSuite -->
      </class> <!-- mwo.tests.GPMergeTests -->
    </test> <!-- Test -->
  </suite> <!-- POC_Automation_TestSuite -->
</testng-results>
